<?xml version="1.0" encoding="UTF-8"?>
<!-- Generated by org.testng.reporters.JUnitReportReporter -->
<testsuite hostname="LAPTOP-JUHUBKUA" failures="0" tests="1" name="API_Testing.SumAndValidation" time="2.511" errors="0" timestamp="2022-10-12T11:50:22 EDT" skipped="0">
  <testcase classname="API_Testing.SumAndValidation" name="sumOfCourses" time="2.511"/>
  <system-out/>
</testsuite> <!-- API_Testing.SumAndValidation -->
